<?xml version="1.0" encoding="UTF-8"?>
<!-- Generated by org.testng.reporters.JUnitReportReporter -->
<testsuite hostname="LAPTOP-GSAAFOHU" failures="0" tests="1" name="testng.OneTCExample" time="0.004" errors="0" timestamp="20 Jul 2024 16:32:27 GMT" skipped="0">
  <testcase classname="testng.OneTCExample" name="TestCase_01" time="0.004"/>
</testsuite> <!-- testng.OneTCExample -->
