<?xml version="1.0" encoding="UTF-8"?>
<!-- Generated by org.testng.reporters.JUnitReportReporter -->
<testsuite hostname="LAPTOP-GSAAFOHU" failures="0" tests="1" name="testng.MultipleTCExample" time="0.001" errors="0" timestamp="20 Jul 2024 16:25:19 GMT" skipped="0">
  <testcase classname="testng.MultipleTCExample" name="TC_04" time="0.001"/>
</testsuite> <!-- testng.MultipleTCExample -->
